<?xml version="1.0" encoding="UTF-8"?>
<robot generator="Robot 7.2 (Python 3.13.1 on win32)" generated="2025-01-16T01:43:04.964979" rpa="false" schemaversion="5">
<suite id="s1" name="Get Request" source="C:\Users\nitku\PycharmProjects\RestAPIRobot\Testcases\get_request.robot">
<test id="s1-t1" name="Get_Booking" line="13">
<kw name="Create Session" owner="RequestsLibrary">
<msg time="2025-01-16T01:43:05.386728" level="INFO">Creating Session using : alias=mysession, url=https://restful-booker.herokuapp.com, headers={},                     cookies={}, auth=None, timeout=None, proxies=None, verify=False,                     debug=0 </msg>
<arg>mysession</arg>
<arg>${base_url}</arg>
<doc>Create Session: create a HTTP session to a server</doc>
<status status="PASS" start="2025-01-16T01:43:05.386587" elapsed="0.000282"/>
</kw>
<kw name="GET On Session" owner="RequestsLibrary">
<msg time="2025-01-16T01:43:06.299129" level="INFO">GET Request : url=https://restful-booker.herokuapp.com/booking/1 
 path_url=/booking/1 
 headers={'User-Agent': 'python-requests/2.32.3', 'Accept-Encoding': 'gzip, deflate', 'Accept': '*/*', 'Connection': 'keep-alive'} 
 body=None 
 </msg>
<msg time="2025-01-16T01:43:06.299464" level="INFO">GET Response : url=https://restful-booker.herokuapp.com/booking/1 
 status=200, reason=OK 
 headers={'Server': 'Cowboy', 'Report-To': '{"group":"heroku-nel","max_age":3600,"endpoints":[{"url":"https://nel.heroku.com/reports?ts=1736971986&amp;sid=c46efe9b-d3d2-4a0c-8c76-bfafa16c5add&amp;s=U4SwlclLZJIaSlR68EPhLK5n1cbICNc9prCYG4txRUQ%3D"}]}', 'Reporting-Endpoints': 'heroku-nel=https://nel.heroku.com/reports?ts=1736971986&amp;sid=c46efe9b-d3d2-4a0c-8c76-bfafa16c5add&amp;s=U4SwlclLZJIaSlR68EPhLK5n1cbICNc9prCYG4txRUQ%3D', 'Nel': '{"report_to":"heroku-nel","max_age":3600,"success_fraction":0.005,"failure_fraction":0.05,"response_headers":["Via"]}', 'Connection': 'keep-alive', 'X-Powered-By': 'Express', 'Content-Type': 'application/json; charset=utf-8', 'Content-Length': '140', 'Etag': 'W/"8c-qbvRkQTffPIMWowLz4nQ/qnTXj0"', 'Date': 'Wed, 15 Jan 2025 20:13:06 GMT', 'Via': '1.1 vegur'} 
 body={"firstname":"Mark","lastname":"Wilson","totalprice":767,"depositpaid":true,"bookingdates":{"checkin":"2021-07-24","checkout":"2023-03-03"}} 
 </msg>
<msg time="2025-01-16T01:43:06.299662" level="INFO">C:\Users\nitku\PycharmProjects\RestAPIRobot\.venv\Lib\site-packages\urllib3\connectionpool.py:1097: InsecureRequestWarning: Unverified HTTPS request is being made to host 'restful-booker.herokuapp.com'. Adding certificate verification is strongly advised. See: https://urllib3.readthedocs.io/en/latest/advanced-usage.html#tls-warnings
  warnings.warn(</msg>
<msg time="2025-01-16T01:43:06.300539" level="INFO">${response} = &lt;Response [200]&gt;</msg>
<var>${response}</var>
<arg>mysession</arg>
<arg>/booking/${id}</arg>
<doc>Sends a GET request on a previously created HTTP Session.</doc>
<status status="PASS" start="2025-01-16T01:43:05.387137" elapsed="0.913519"/>
</kw>
<kw name="Log To Console" owner="BuiltIn">
<arg>${response.status_code}</arg>
<doc>Logs the given message to the console.</doc>
<status status="PASS" start="2025-01-16T01:43:06.301618" elapsed="0.001475"/>
</kw>
<kw name="Log To Console" owner="BuiltIn">
<arg>${response.content}</arg>
<doc>Logs the given message to the console.</doc>
<status status="PASS" start="2025-01-16T01:43:06.303711" elapsed="0.001097"/>
</kw>
<kw name="Log To Console" owner="BuiltIn">
<arg>${response.headers} # it is a dictionary</arg>
<doc>Logs the given message to the console.</doc>
<status status="PASS" start="2025-01-16T01:43:06.305326" elapsed="0.001314"/>
</kw>
<kw name="Convert To String" owner="BuiltIn">
<msg time="2025-01-16T01:43:06.307885" level="INFO">${status_code} = 200</msg>
<var>${status_code}</var>
<arg>${response.status_code}</arg>
<doc>Converts the given item to a Unicode string.</doc>
<status status="PASS" start="2025-01-16T01:43:06.307183" elapsed="0.000745"/>
</kw>
<kw name="Should Be Equal" owner="BuiltIn">
<arg>${status_code}</arg>
<arg>200</arg>
<doc>Fails if the given objects are unequal.</doc>
<status status="PASS" start="2025-01-16T01:43:06.308478" elapsed="0.000299"/>
</kw>
<kw name="Convert To String" owner="BuiltIn">
<msg time="2025-01-16T01:43:06.310030" level="INFO">${body} = {"firstname":"Mark","lastname":"Wilson","totalprice":767,"depositpaid":true,"bookingdates":{"checkin":"2021-07-24","checkout":"2023-03-03"}}</msg>
<var>${body}</var>
<arg>${response.content}</arg>
<doc>Converts the given item to a Unicode string.</doc>
<status status="PASS" start="2025-01-16T01:43:06.309340" elapsed="0.000734"/>
</kw>
<kw name="Should Contain" owner="BuiltIn">
<arg>${body}</arg>
<arg>Mark</arg>
<doc>Fails if ``container`` does not contain ``item`` one or more times.</doc>
<status status="PASS" start="2025-01-16T01:43:06.310639" elapsed="0.000367"/>
</kw>
<kw name="Get From Dictionary" owner="Collections">
<msg time="2025-01-16T01:43:06.312659" level="INFO">${value} = application/json; charset=utf-8</msg>
<var>${value}</var>
<arg>${response.headers}</arg>
<arg>Content-Type</arg>
<doc>Returns a value from the given ``dictionary`` based on the given ``key``.</doc>
<status status="PASS" start="2025-01-16T01:43:06.311996" elapsed="0.000704"/>
</kw>
<kw name="Should Be Equal" owner="BuiltIn">
<arg>${value}</arg>
<arg>application/json; charset=utf-8</arg>
<doc>Fails if the given objects are unequal.</doc>
<status status="PASS" start="2025-01-16T01:43:06.313224" elapsed="0.000322"/>
</kw>
<status status="PASS" start="2025-01-16T01:43:05.386011" elapsed="0.928010"/>
</test>
<status status="PASS" start="2025-01-16T01:43:04.965961" elapsed="1.349888"/>
</suite>
<statistics>
<total>
<stat pass="1" fail="0" skip="0">All Tests</stat>
</total>
<tag>
</tag>
<suite>
<stat name="Get Request" id="s1" pass="1" fail="0" skip="0">Get Request</stat>
</suite>
</statistics>
<errors>
</errors>
</robot>
